<?xml version="1.0" encoding="UTF-8"?>
<!-- Generated by org.testng.reporters.JUnitReportReporter -->
<testsuite hostname="DESKTOP-L9VVM4M" failures="0" tests="1" name="TestDemoTest.LoginTest" time="0.011" errors="0" timestamp="2023-01-16T15:44:45 IST" skipped="0">
  <testcase classname="TestDemoTest.LoginTest" name="GenerateOnlineRequest" time="0.011"/>
  <system-out/>
</testsuite> <!-- TestDemoTest.LoginTest -->
