<?xml version="1.0" encoding="UTF-8"?>
<!-- Generated by org.testng.reporters.JUnitReportReporter -->
<testsuite hostname="DESKTOP-L9VVM4M" failures="0" tests="1" name="LoginTest" time="0.013" errors="0" timestamp="2023-01-16T15:29:05 IST" skipped="0">
  <testcase classname="LoginTest" name="GenerateOnlineRequest" time="0.013"/>
  <system-out/>
</testsuite> <!-- LoginTest -->
